<?xml version="1.0" encoding="UTF-8" ?>
<testsuites>

  <testsuite name="La entidad User debe: " errors="0" tests="2" failures="0" time="0.002" timestamp="Mon May 04 2015 16:20:21 GMT-0300 (ART)">
    
      <testcase assertions="0" classname="La entidad User debe: " name="Crear usuarios para una origanización." time="0.001">
        
      </testcase>
    
      <testcase assertions="0" classname="La entidad User debe: " name="Actualizar usuarios de una organización" time="0">
        
      </testcase>
    
  </testsuite>

</testsuites>